<beans xmlns="http://www.springframework.org/schema/beans"
       xmlns:batch="http://www.springframework.org/schema/batch"
       xmlns:task="http://www.springframework.org/schema/task"
       xmlns:util="http://www.springframework.org/schema/util"
       xmlns:xsi="http://www.w3.org/2001/XMLSchema-instance" xmlns:jdbc="http://www.springframework.org/schema/jdbc"
       xmlns:jms="http://www.springframework.org/schema/jms"
       xmlns:amq="http://activemq.apache.org/schema/core"
       xsi:schemaLocation="http://www.springframework.org/schema/batch
	http://www.springframework.org/schema/batch/spring-batch-2.2.xsd
	http://www.springframework.org/schema/beans
	http://www.springframework.org/schema/beans/spring-beans-3.2.xsd
	http://www.springframework.org/schema/util
	http://www.springframework.org/schema/util/spring-util-3.2.xsd
    http://www.springframework.org/schema/jdbc http://www.springframework.org/schema/jdbc/spring-jdbc.xsd
    http://www.springframework.org/schema/jms http://www.springframework.org/schema/jms/spring-jms.xsd
    http://activemq.apache.org/schema/core http://activemq.apache.org/schema/core/activemq-core-5.5.0.xsd">

    <batch:job id="testJob">
        <batch:step id="step1">
            <batch:tasklet>
                <batch:chunk reader="jdbcItemReader"
                             writer="queueItemWriter"
                             commit-interval="1">
                    <!--processor="filterReportProcessor"-->
                </batch:chunk>
            </batch:tasklet>
        </batch:step>
    </batch:job>

    <bean id="jdbcItemReader" class=" org.springframework.batch.item.database.JdbcCursorItemReader">
        <property name="dataSource" ref="dataSource" />
        <property name="rowMapper" ref="itemRowMapper" />
        <property name="sql" value="select * from Item" />
    </bean>

    <bean id="itemRowMapper" class="core.db.ItemRowMapper" />

    <bean id="queueItemWriter" class="org.springframework.batch.item.jms.JmsItemWriter">
        <property name="jmsTemplate" ref="jmsTemplate" />
    </bean>

    <jdbc:embedded-database type="H2" id="dataSource">
        <jdbc:script location="classpath:schema.sql"/>
        <jdbc:script location="classpath:test-data.sql"/>
    </jdbc:embedded-database>

    <amq:connectionFactory id="jmsFactory"
                           brokerURL="tcp://localhost:61616"/>
    <amq:queue id="itemDestination"
               physicalName="destination.item" />

    <bean id="jmsTemplate" class="org.springframework.jms.core.JmsTemplate">
        <property name="connectionFactory" ref="jmsFactory" />
        <property name="defaultDestination" ref="itemDestination" />
        <property name="receiveTimeout" value="500" />
        <property name="sessionTransacted" value="true" />
        <property name="messageConverter" ref="itemToMessageConverter" />
    </bean>

    <bean id="itemToMessageConverter" class="core.ItemMessageConverter" />
</beans>